2025-10-09 23:19:30,959 [INFO] Inizializzazione del modello SentenceTransformer.
2025-10-09 23:19:30,961 [INFO] Use pytorch device_name: cpu
2025-10-09 23:19:30,961 [INFO] Load pretrained SentenceTransformer: all-MiniLM-L6-v2
2025-10-09 23:19:33,047 [INFO] Caricamento degli embeddings delle email da file.
2025-10-09 23:19:33,049 [INFO] Embeddings caricati correttamente.
2025-10-09 23:19:33,050 [INFO] Calcolo embedding per la query: incontro di lavoro
2025-10-09 23:19:33,088 [INFO] Embedding della query calcolato con successo.
2025-10-09 23:19:33,089 [INFO] Calcolo della similarità coseno tra query e embeddings delle email.
2025-10-09 23:19:33,090 [INFO] Calcolo della similarità completato.
2025-10-09 23:19:33,090 [INFO] Visualizzazione dei risultati.
2025-10-09 23:19:33,091 [INFO] Email 0: Similarità: 0.2884
2025-10-09 23:19:33,094 [INFO] Email 1: Similarità: 0.0130
2025-10-09 23:19:33,099 [INFO] Email 2: Similarità: -0.0527
2025-10-09 23:19:33,103 [INFO] Email 3: Similarità: 0.1958
2025-10-09 23:19:33,106 [INFO] Email 4: Similarità: 0.0396
2025-10-09 23:19:33,110 [INFO] Email 5: Similarità: 0.2359
2025-10-09 23:19:33,114 [INFO] Email 6: Similarità: 0.2349
2025-10-09 23:19:33,119 [INFO] Email 7: Similarità: 0.2218
2025-10-09 23:19:33,124 [INFO] Email 8: Similarità: 0.0693
2025-10-09 23:19:33,128 [INFO] Email 9: Similarità: 0.3490
2025-10-09 23:19:33,132 [INFO] Email 10: Similarità: -0.0205
2025-10-09 23:19:33,135 [INFO] Email 11: Similarità: -0.0398
2025-10-09 23:19:33,139 [INFO] Email 12: Similarità: 0.1564
2025-10-09 23:19:33,144 [INFO] Email 13: Similarità: 0.1976
2025-10-09 23:19:33,149 [INFO] Email 14: Similarità: 0.2297
2025-10-09 23:19:33,156 [INFO] Email 15: Similarità: 0.0038
2025-10-09 23:19:33,161 [INFO] Email 16: Similarità: 0.3143
2025-10-09 23:19:33,164 [INFO] Email 17: Similarità: 0.3780
2025-10-09 23:19:33,168 [INFO] Email 18: Similarità: -0.0558
2025-10-09 23:19:33,171 [INFO] Email 19: Similarità: -0.0197
2025-10-09 23:19:33,176 [INFO] Email 20: Similarità: 0.2812
2025-10-09 23:19:33,180 [INFO] Email 21: Similarità: 0.1230
2025-10-09 23:19:33,184 [INFO] Email 22: Similarità: 0.1931
2025-10-09 23:19:33,188 [INFO] Email 23: Similarità: 0.2034
2025-10-09 23:19:33,192 [INFO] Email 24: Similarità: 0.1765
2025-10-09 23:19:33,202 [INFO] Email 25: Similarità: 0.3798
2025-10-09 23:19:33,206 [INFO] Email 26: Similarità: 0.3813
2025-10-09 23:19:33,211 [INFO] Email 27: Similarità: 0.2704
2025-10-09 23:19:33,220 [INFO] Email 28: Similarità: 0.2700
2025-10-09 23:19:33,224 [INFO] Email 29: Similarità: 0.3485
2025-10-09 23:19:33,229 [INFO] Email 30: Similarità: 0.1842
2025-10-09 23:19:33,233 [INFO] Email 31: Similarità: 0.3892
2025-10-09 23:19:33,236 [INFO] Email 32: Similarità: 0.2467
2025-10-09 23:19:33,243 [INFO] Email 33: Similarità: 0.0037
2025-10-09 23:19:33,246 [INFO] Email 34: Similarità: 0.2700
2025-10-09 23:19:33,249 [INFO] Email 35: Similarità: 0.3221
2025-10-09 23:19:33,253 [INFO] Email 36: Similarità: 0.3392
2025-10-09 23:19:33,257 [INFO] Email 37: Similarità: 0.0050
2025-10-09 23:19:33,261 [INFO] Email 38: Similarità: 0.2970
2025-10-09 23:19:33,264 [INFO] Email 39: Similarità: 0.0088
2025-10-09 23:19:33,267 [INFO] Email 40: Similarità: 0.2969
2025-10-09 23:19:33,270 [INFO] Email 41: Similarità: 0.2694
2025-10-09 23:19:33,273 [INFO] Email 42: Similarità: 0.2260
2025-10-09 23:19:33,279 [INFO] Email 43: Similarità: 0.4087
2025-10-09 23:19:33,282 [INFO] Email 44: Similarità: 0.3730
2025-10-09 23:19:33,285 [INFO] Email 45: Similarità: 0.2737
2025-10-09 23:19:33,289 [INFO] Email 46: Similarità: 0.1929
2025-10-09 23:19:33,293 [INFO] Email 47: Similarità: 0.0444
2025-10-09 23:19:33,296 [INFO] Email 48: Similarità: 0.1311
2025-10-09 23:19:33,299 [INFO] Email 49: Similarità: 0.1119
2025-10-09 23:19:33,302 [INFO] Email 50: Similarità: 0.0315
2025-10-09 23:19:33,304 [INFO] Email 51: Similarità: 0.0685
2025-10-09 23:19:33,306 [INFO] Email 52: Similarità: 0.3353
2025-10-09 23:19:33,308 [INFO] Email 53: Similarità: 0.1311
2025-10-09 23:19:33,312 [INFO] Email 54: Similarità: 0.2899
2025-10-09 23:19:33,314 [INFO] Email 55: Similarità: 0.3456
2025-10-09 23:19:33,316 [INFO] Email 56: Similarità: 0.1194
2025-10-09 23:19:33,319 [INFO] Email 57: Similarità: 0.2224
2025-10-09 23:19:33,322 [INFO] Email 58: Similarità: 0.3417
2025-10-09 23:19:33,325 [INFO] Email 59: Similarità: 0.3365
2025-10-09 23:19:33,331 [INFO] Email 60: Similarità: 0.3188
2025-10-09 23:19:33,333 [INFO] Email 61: Similarità: 0.2699
2025-10-09 23:19:33,336 [INFO] Email 62: Similarità: 0.2889
2025-10-09 23:19:33,339 [INFO] Email 63: Similarità: 0.2590
2025-10-09 23:19:33,341 [INFO] Email 64: Similarità: 0.3492
2025-10-09 23:19:33,344 [INFO] Email 65: Similarità: 0.2734
2025-10-09 23:19:33,347 [INFO] Email 66: Similarità: 0.3180
2025-10-09 23:19:33,349 [INFO] Email 67: Similarità: 0.3726
2025-10-09 23:19:33,351 [INFO] Email 68: Similarità: 0.2938
2025-10-09 23:19:33,353 [INFO] Email 69: Similarità: 0.2929
2025-10-09 23:19:33,356 [INFO] Email 70: Similarità: 0.3473
2025-10-09 23:19:33,359 [INFO] Email 71: Similarità: 0.3501
2025-10-09 23:19:33,361 [INFO] Email 72: Similarità: 0.1858
2025-10-09 23:19:33,364 [INFO] Email 73: Similarità: 0.1727
2025-10-09 23:19:33,366 [INFO] Email 74: Similarità: 0.3821
2025-10-09 23:19:33,369 [INFO] Email 75: Similarità: 0.2976
2025-10-09 23:19:33,372 [INFO] Email 76: Similarità: 0.1311
2025-10-09 23:19:33,374 [INFO] Email 77: Similarità: 0.0047
2025-10-09 23:19:33,378 [INFO] Email 78: Similarità: 0.1293
2025-10-09 23:19:33,381 [INFO] Email 79: Similarità: 0.1311
2025-10-09 23:19:33,383 [INFO] Email 80: Similarità: 0.1232
2025-10-09 23:19:33,386 [INFO] Email 81: Similarità: 0.3892
2025-10-09 23:19:33,389 [INFO] Email 82: Similarità: 0.2518
2025-10-09 23:19:33,391 [INFO] Email 83: Similarità: 0.0719
2025-10-09 23:19:33,394 [INFO] Email 84: Similarità: 0.3799
2025-10-09 23:19:33,397 [INFO] Email 85: Similarità: 0.2861
2025-10-09 23:19:33,400 [INFO] Email 86: Similarità: 0.3762
2025-10-09 23:19:33,403 [INFO] Email 87: Similarità: 0.3235
2025-10-09 23:19:33,406 [INFO] Email 88: Similarità: -0.0213
2025-10-09 23:19:33,409 [INFO] Email 89: Similarità: 0.2350
2025-10-09 23:19:33,412 [INFO] Email 90: Similarità: 0.2715
2025-10-09 23:19:33,415 [INFO] Email 91: Similarità: 0.2468
2025-10-09 23:19:33,417 [INFO] Email 92: Similarità: 0.0475
2025-10-09 23:19:33,420 [INFO] Email 93: Similarità: 0.3623
2025-10-09 23:19:33,423 [INFO] Email 94: Similarità: 0.0535
2025-10-09 23:19:33,427 [INFO] Email 95: Similarità: 0.2144
2025-10-09 23:19:33,430 [INFO] Email 96: Similarità: 0.2599
2025-10-09 23:19:33,434 [INFO] Email 97: Similarità: 0.3070
2025-10-09 23:19:33,438 [INFO] Email 98: Similarità: 0.0475
2025-10-09 23:19:33,441 [INFO] Email 99: Similarità: 0.0733
2025-10-09 23:19:33,444 [INFO] Email 100: Similarità: 0.3032
2025-10-09 23:19:33,447 [INFO] Email 101: Similarità: 0.1293
2025-10-09 23:19:33,449 [INFO] Email 102: Similarità: -0.0078
2025-10-09 23:19:33,451 [INFO] Email 103: Similarità: 0.1037
2025-10-09 23:19:33,454 [INFO] Email 104: Similarità: 0.2823
2025-10-09 23:19:33,456 [INFO] Email 105: Similarità: 0.3644
2025-10-09 23:19:33,459 [INFO] Email 106: Similarità: 0.0574
2025-10-09 23:19:33,529 [INFO] Email 107: Similarità: 0.0360
2025-10-09 23:19:33,532 [INFO] Email 108: Similarità: 0.3428
2025-10-09 23:19:33,534 [INFO] Email 109: Similarità: 0.2657
2025-10-09 23:19:33,537 [INFO] Email 110: Similarità: 0.0969
2025-10-09 23:19:33,540 [INFO] Email 111: Similarità: 0.2104
2025-10-09 23:19:33,543 [INFO] Email 112: Similarità: 0.2322
2025-10-09 23:19:33,561 [INFO] Email 113: Similarità: 0.2239
2025-10-09 23:19:33,563 [INFO] Email 114: Similarità: 0.0017
2025-10-09 23:19:33,566 [INFO] Email 115: Similarità: 0.2177
2025-10-09 23:19:33,569 [INFO] Email 116: Similarità: 0.1051
2025-10-09 23:19:33,572 [INFO] Email 117: Similarità: 0.2758
2025-10-09 23:19:33,576 [INFO] Email 118: Similarità: 0.0081
2025-10-09 23:19:33,579 [INFO] Email 119: Similarità: 0.2119
2025-10-09 23:19:33,582 [INFO] Email 120: Similarità: 0.2618
2025-10-09 23:19:33,585 [INFO] Email 121: Similarità: 0.4260
2025-10-09 23:19:33,588 [INFO] Email 122: Similarità: 0.2093
2025-10-09 23:19:33,590 [INFO] Email 123: Similarità: 0.3354
2025-10-09 23:19:33,594 [INFO] Email 124: Similarità: 0.2423
2025-10-09 23:19:33,597 [INFO] Email 125: Similarità: 0.2657
2025-10-09 23:19:33,600 [INFO] Email 126: Similarità: 0.0744
2025-10-09 23:19:33,602 [INFO] Email 127: Similarità: 0.0009
2025-10-09 23:19:33,605 [INFO] Email 128: Similarità: 0.3779
2025-10-09 23:19:33,608 [INFO] Email 129: Similarità: 0.4094
2025-10-09 23:19:33,612 [INFO] Email 130: Similarità: 0.2388
2025-10-09 23:19:33,614 [INFO] Email 131: Similarità: 0.3224
2025-10-09 23:19:33,617 [INFO] Email 132: Similarità: 0.2058
2025-10-09 23:19:33,620 [INFO] Email 133: Similarità: 0.3407
2025-10-09 23:19:33,624 [INFO] Email 134: Similarità: 0.1653
2025-10-09 23:19:33,628 [INFO] Email 135: Similarità: 0.2243
2025-10-09 23:19:33,631 [INFO] Email 136: Similarità: 0.3456
2025-10-09 23:19:33,633 [INFO] Email 137: Similarità: 0.3617
2025-10-09 23:19:33,636 [INFO] Email 138: Similarità: 0.3556
2025-10-09 23:19:33,639 [INFO] Email 139: Similarità: 0.3328
2025-10-09 23:19:33,642 [INFO] Email 140: Similarità: 0.3649
2025-10-09 23:19:33,645 [INFO] Email 141: Similarità: 0.3493
2025-10-09 23:19:33,648 [INFO] Email 142: Similarità: 0.1293
2025-10-09 23:19:33,651 [INFO] Email 143: Similarità: -0.0166
2025-10-09 23:19:33,654 [INFO] Email 144: Similarità: 0.2450
2025-10-09 23:19:33,656 [INFO] Email 145: Similarità: 0.3046
2025-10-09 23:19:33,660 [INFO] Email 146: Similarità: 0.2627
2025-10-09 23:19:33,663 [INFO] Email 147: Similarità: 0.1966
2025-10-09 23:19:33,666 [INFO] Email 148: Similarità: 0.3208
2025-10-09 23:19:33,669 [INFO] Email 149: Similarità: 0.3447
2025-10-09 23:19:33,672 [INFO] Email 150: Similarità: 0.2519
2025-10-09 23:19:33,674 [INFO] Email 151: Similarità: -0.0101
2025-10-09 23:19:33,678 [INFO] Email 152: Similarità: 0.3501
2025-10-09 23:19:33,681 [INFO] Email 153: Similarità: 0.2125
2025-10-09 23:19:33,684 [INFO] Email 154: Similarità: 0.2192
2025-10-09 23:19:33,687 [INFO] Email 155: Similarità: -0.0370
2025-10-09 23:19:33,691 [INFO] Email 156: Similarità: 0.3804
2025-10-09 23:19:33,695 [INFO] Email 157: Similarità: 0.2657
2025-10-09 23:19:33,698 [INFO] Email 158: Similarità: 0.3583
2025-10-09 23:19:33,701 [INFO] Email 159: Similarità: 0.2584
2025-10-09 23:19:33,705 [INFO] Email 160: Similarità: 0.3035
2025-10-09 23:19:33,708 [INFO] Email 161: Similarità: 0.2988
2025-10-09 23:19:33,712 [INFO] Email 162: Similarità: 0.3116
2025-10-09 23:19:33,715 [INFO] Email 163: Similarità: 0.0192
2025-10-09 23:19:33,720 [INFO] Email 164: Similarità: 0.1293
2025-10-09 23:19:33,723 [INFO] Email 165: Similarità: 0.2747
2025-10-09 23:19:33,727 [INFO] Email 166: Similarità: 0.2593
2025-10-09 23:19:33,731 [INFO] Email 167: Similarità: 0.3251
2025-10-09 23:19:33,735 [INFO] Email 168: Similarità: 0.3177
2025-10-09 23:19:33,738 [INFO] Email 169: Similarità: 0.3448
2025-10-09 23:19:33,740 [INFO] Email 170: Similarità: -0.0440
2025-10-09 23:19:33,745 [INFO] Email 171: Similarità: 0.2955
2025-10-09 23:19:33,748 [INFO] Email 172: Similarità: -0.0425
2025-10-09 23:19:33,751 [INFO] Email 173: Similarità: 0.1981
2025-10-09 23:19:33,754 [INFO] Email 174: Similarità: 0.2080
2025-10-09 23:19:33,760 [INFO] Email 175: Similarità: -0.0345
2025-10-09 23:19:33,764 [INFO] Email 176: Similarità: 0.0235
2025-10-09 23:19:33,767 [INFO] Email 177: Similarità: 0.0853
2025-10-09 23:19:33,771 [INFO] Email 178: Similarità: 0.0335
2025-10-09 23:19:33,774 [INFO] Email 179: Similarità: 0.1057
2025-10-09 23:19:33,779 [INFO] Email 180: Similarità: 0.3181
2025-10-09 23:19:33,781 [INFO] Email 181: Similarità: 0.3396
2025-10-09 23:19:33,785 [INFO] Email 182: Similarità: 0.4143
2025-10-09 23:19:33,787 [INFO] Email 183: Similarità: 0.3471
2025-10-09 23:19:33,791 [INFO] Email 184: Similarità: 0.3917
2025-10-09 23:19:33,795 [INFO] Email 185: Similarità: 0.3474
2025-10-09 23:19:33,799 [INFO] Email 186: Similarità: 0.3733
2025-10-09 23:19:33,802 [INFO] Email 187: Similarità: 0.1194
2025-10-09 23:19:33,805 [INFO] Email 188: Similarità: 0.3202
2025-10-09 23:19:33,809 [INFO] Email 189: Similarità: 0.3504
2025-10-09 23:19:33,813 [INFO] Email 190: Similarità: 0.2176
2025-10-09 23:19:33,816 [INFO] Email 191: Similarità: 0.2754
2025-10-09 23:19:33,820 [INFO] Email 192: Similarità: 0.2305
2025-10-09 23:19:33,824 [INFO] Email 193: Similarità: 0.3833
2025-10-09 23:19:33,829 [INFO] Email 194: Similarità: 0.3144
2025-10-09 23:19:33,832 [INFO] Email 195: Similarità: 0.2434
2025-10-09 23:19:33,835 [INFO] Email 196: Similarità: 0.3052
2025-10-09 23:19:33,840 [INFO] Email 197: Similarità: 0.2925
2025-10-09 23:19:33,843 [INFO] Email 198: Similarità: 0.3467
2025-10-09 23:19:33,847 [INFO] Email 199: Similarità: 0.3360
2025-10-09 23:19:33,851 [INFO] Email 200: Similarità: 0.3248
2025-10-09 23:19:33,854 [INFO] Email 201: Similarità: 0.2818
2025-10-09 23:19:33,858 [INFO] Email 202: Similarità: 0.3455
2025-10-09 23:19:33,864 [INFO] Email 203: Similarità: 0.1616
2025-10-09 23:19:33,868 [INFO] Email 204: Similarità: 0.1344
2025-10-09 23:19:33,871 [INFO] Email 205: Similarità: 0.3443
2025-10-09 23:19:33,875 [INFO] Email 206: Similarità: 0.2458
2025-10-09 23:19:33,880 [INFO] Email 207: Similarità: -0.0147
2025-10-09 23:19:33,885 [INFO] Email 208: Similarità: 0.3360
2025-10-09 23:19:33,888 [INFO] Email 209: Similarità: -0.1123
2025-10-09 23:19:33,892 [INFO] Email 210: Similarità: 0.3548
2025-10-09 23:19:33,897 [INFO] Email 211: Similarità: 0.3081
2025-10-09 23:19:33,901 [INFO] Email 212: Similarità: 0.2887
2025-10-09 23:19:33,904 [INFO] Email 213: Similarità: 0.0649
2025-10-09 23:19:33,908 [INFO] Email 214: Similarità: 0.3718
2025-10-09 23:19:33,911 [INFO] Email 215: Similarità: 0.3438
2025-10-09 23:19:33,915 [INFO] Email 216: Similarità: 0.2404
2025-10-09 23:19:33,919 [INFO] Email 217: Similarità: 0.3370
2025-10-09 23:19:33,922 [INFO] Email 218: Similarità: 0.3586
2025-10-09 23:19:33,926 [INFO] Email 219: Similarità: 0.1613
2025-10-09 23:19:33,931 [INFO] Email 220: Similarità: 0.0649
2025-10-09 23:19:33,935 [INFO] Email 221: Similarità: 0.0358
2025-10-09 23:19:33,939 [INFO] Email 222: Similarità: 0.4063
2025-10-09 23:19:33,944 [INFO] Email 223: Similarità: 0.3330
2025-10-09 23:19:33,949 [INFO] Email 224: Similarità: 0.2249
2025-10-09 23:19:33,953 [INFO] Email 225: Similarità: 0.1979
2025-10-09 23:19:33,956 [INFO] Email 226: Similarità: 0.2655
2025-10-09 23:19:33,961 [INFO] Email 227: Similarità: 0.3133
2025-10-09 23:19:33,965 [INFO] Email 228: Similarità: 0.1090
2025-10-09 23:19:33,969 [INFO] Email 229: Similarità: 0.3159
2025-10-09 23:19:33,973 [INFO] Email 230: Similarità: 0.2472
2025-10-09 23:19:33,980 [INFO] Email 231: Similarità: 0.2333
2025-10-09 23:19:33,983 [INFO] Email 232: Similarità: 0.1949
2025-10-09 23:19:33,986 [INFO] Email 233: Similarità: 0.1765
2025-10-09 23:19:33,990 [INFO] Email 234: Similarità: 0.3061
2025-10-09 23:19:33,995 [INFO] Email 235: Similarità: 0.2362
2025-10-09 23:19:33,998 [INFO] Email 236: Similarità: 0.4013
2025-10-09 23:19:34,003 [INFO] Email 237: Similarità: 0.3318
2025-10-09 23:19:34,007 [INFO] Email 238: Similarità: 0.2655
2025-10-09 23:19:34,012 [INFO] Email 239: Similarità: -0.1068
2025-10-09 23:19:34,015 [INFO] Email 240: Similarità: 0.2061
2025-10-09 23:19:34,018 [INFO] Email 241: Similarità: 0.2941
2025-10-09 23:19:34,022 [INFO] Email 242: Similarità: 0.1613
2025-10-09 23:19:34,027 [INFO] Email 243: Similarità: 0.3005
2025-10-09 23:19:34,031 [INFO] Email 244: Similarità: 0.2753
2025-10-09 23:19:34,034 [INFO] Email 245: Similarità: 0.3467
2025-10-09 23:19:34,039 [INFO] Email 246: Similarità: 0.1033
2025-10-09 23:19:34,043 [INFO] Email 247: Similarità: 0.3432
2025-10-09 23:19:34,048 [INFO] Email 248: Similarità: 0.0258
2025-10-09 23:19:34,051 [INFO] Email 249: Similarità: 0.3634
2025-10-09 23:19:34,054 [INFO] Email 250: Similarità: 0.2090
2025-10-09 23:19:34,059 [INFO] Email 251: Similarità: -0.0059
2025-10-09 23:19:34,063 [INFO] Email 252: Similarità: 0.1360
2025-10-09 23:19:34,067 [INFO] Email 253: Similarità: 0.2190
2025-10-09 23:19:34,071 [INFO] Email 254: Similarità: 0.2687
2025-10-09 23:19:34,075 [INFO] Email 255: Similarità: -0.0808
2025-10-09 23:19:34,079 [INFO] Email 256: Similarità: 0.2370
2025-10-09 23:19:34,083 [INFO] Email 257: Similarità: 0.2955
2025-10-09 23:19:34,087 [INFO] Email 258: Similarità: 0.0258
2025-10-09 23:19:34,090 [INFO] Email 259: Similarità: 0.4268
2025-10-09 23:19:34,094 [INFO] Email 260: Similarità: 0.2500
2025-10-09 23:19:34,098 [INFO] Email 261: Similarità: 0.2216
2025-10-09 23:19:34,101 [INFO] Email 262: Similarità: 0.3063
2025-10-09 23:19:34,105 [INFO] Email 263: Similarità: 0.3626
2025-10-09 23:19:34,108 [INFO] Email 264: Similarità: -0.0132
2025-10-09 23:19:34,112 [INFO] Email 265: Similarità: 0.2955
2025-10-09 23:19:34,117 [INFO] Email 266: Similarità: 0.3640
2025-10-09 23:19:34,121 [INFO] Email 267: Similarità: 0.2520
2025-10-09 23:19:34,125 [INFO] Email 268: Similarità: 0.3158
2025-10-09 23:19:34,130 [INFO] Email 269: Similarità: 0.1985
2025-10-09 23:19:34,134 [INFO] Email 270: Similarità: 0.2955
2025-10-09 23:19:34,137 [INFO] Email 271: Similarità: 0.1311
2025-10-09 23:19:34,140 [INFO] Email 272: Similarità: 0.1831
2025-10-09 23:19:34,145 [INFO] Email 273: Similarità: 0.2938
2025-10-09 23:19:34,150 [INFO] Email 274: Similarità: 0.2140
2025-10-09 23:19:34,153 [INFO] Email 275: Similarità: 0.4242
2025-10-09 23:19:34,157 [INFO] Email 276: Similarità: 0.2955
2025-10-09 23:19:34,162 [INFO] Email 277: Similarità: 0.4061
2025-10-09 23:19:34,167 [INFO] Email 278: Similarità: 0.2613
2025-10-09 23:19:34,172 [INFO] Email 279: Similarità: 0.1170
2025-10-09 23:19:34,177 [INFO] Email 280: Similarità: 0.1520
2025-10-09 23:19:34,181 [INFO] Email 281: Similarità: 0.3005
2025-10-09 23:19:34,185 [INFO] Email 282: Similarità: 0.1293
2025-10-09 23:19:34,189 [INFO] Email 283: Similarità: 0.0168
2025-10-09 23:19:34,194 [INFO] Email 284: Similarità: 0.1311
2025-10-09 23:19:34,198 [INFO] Email 285: Similarità: -0.0316
2025-10-09 23:19:34,201 [INFO] Email 286: Similarità: 0.0995
2025-10-09 23:19:34,206 [INFO] Email 287: Similarità: 0.1849
2025-10-09 23:19:34,212 [INFO] Email 288: Similarità: 0.1935
2025-10-09 23:19:34,215 [INFO] Email 289: Similarità: 0.3340
2025-10-09 23:19:34,218 [INFO] Email 290: Similarità: 0.2280
2025-10-09 23:19:34,222 [INFO] Email 291: Similarità: -0.0072
2025-10-09 23:19:34,228 [INFO] Email 292: Similarità: 0.3501
2025-10-09 23:19:34,232 [INFO] Email 293: Similarità: 0.0010
2025-10-09 23:19:34,236 [INFO] Email 294: Similarità: 0.3127
2025-10-09 23:19:34,239 [INFO] Email 295: Similarità: 0.0092
2025-10-09 23:19:34,244 [INFO] Email 296: Similarità: 0.0954
2025-10-09 23:19:34,248 [INFO] Email 297: Similarità: 0.0577
2025-10-09 23:19:34,252 [INFO] Email 298: Similarità: 0.3595
2025-10-09 23:19:34,255 [INFO] Email 299: Similarità: 0.1359
2025-10-09 23:19:34,262 [INFO] Email 300: Similarità: 0.0695
2025-10-09 23:19:34,266 [INFO] Email 301: Similarità: -0.0510
2025-10-09 23:19:34,272 [INFO] Email 302: Similarità: 0.4019
2025-10-09 23:19:34,276 [INFO] Email 303: Similarità: 0.3942
2025-10-09 23:19:34,281 [INFO] Email 304: Similarità: 0.3329
2025-10-09 23:19:34,284 [INFO] Email 305: Similarità: 0.0888
2025-10-09 23:19:34,287 [INFO] Email 306: Similarità: 0.0425
2025-10-09 23:19:34,292 [INFO] Email 307: Similarità: 0.0370
2025-10-09 23:19:34,297 [INFO] Email 308: Similarità: 0.1332
2025-10-09 23:19:34,301 [INFO] Email 309: Similarità: 0.2228
2025-10-09 23:19:34,304 [INFO] Email 310: Similarità: 0.2228
2025-10-09 23:19:34,310 [INFO] Email 311: Similarità: 0.0812
2025-10-09 23:19:34,314 [INFO] Email 312: Similarità: 0.0896
2025-10-09 23:19:34,317 [INFO] Email 313: Similarità: 0.3174
2025-10-09 23:19:34,322 [INFO] Email 314: Similarità: 0.0559
2025-10-09 23:19:34,327 [INFO] Email 315: Similarità: 0.0470
2025-10-09 23:19:34,332 [INFO] Email 316: Similarità: 0.1311
2025-10-09 23:19:34,338 [INFO] Email 317: Similarità: 0.3492
2025-10-09 23:19:34,344 [INFO] Email 318: Similarità: 0.1329
2025-10-09 23:19:34,348 [INFO] Email 319: Similarità: 0.1518
2025-10-09 23:19:34,352 [INFO] Email 320: Similarità: 0.0656
2025-10-09 23:19:34,356 [INFO] Email 321: Similarità: 0.3647
2025-10-09 23:19:34,362 [INFO] Email 322: Similarità: 0.0960
2025-10-09 23:19:34,367 [INFO] Email 323: Similarità: 0.2533
2025-10-09 23:19:34,373 [INFO] Email 324: Similarità: 0.0102
2025-10-09 23:19:34,378 [INFO] Email 325: Similarità: 0.0431
2025-10-09 23:19:34,384 [INFO] Email 326: Similarità: 0.2509
2025-10-09 23:19:34,390 [INFO] Email 327: Similarità: -0.0377
2025-10-09 23:19:34,395 [INFO] Email 328: Similarità: 0.2400
2025-10-09 23:19:34,399 [INFO] Email 329: Similarità: 0.2656
2025-10-09 23:19:34,402 [INFO] Email 330: Similarità: 0.0080
2025-10-09 23:19:34,405 [INFO] Email 331: Similarità: 0.0558
2025-10-09 23:19:34,409 [INFO] Email 332: Similarità: -0.0024
2025-10-09 23:19:34,414 [INFO] Email 333: Similarità: -0.0511
2025-10-09 23:19:34,423 [INFO] Email 334: Similarità: 0.3187
2025-10-09 23:19:34,427 [INFO] Email 335: Similarità: -0.0317
2025-10-09 23:19:34,432 [INFO] Email 336: Similarità: 0.3034
2025-10-09 23:19:34,435 [INFO] Email 337: Similarità: 0.2884
2025-10-09 23:19:34,439 [INFO] Email 338: Similarità: 0.0133
2025-10-09 23:19:34,442 [INFO] Email 339: Similarità: 0.3631
2025-10-09 23:19:34,447 [INFO] Email 340: Similarità: 0.2342
2025-10-09 23:19:34,451 [INFO] Email 341: Similarità: 0.3424
2025-10-09 23:19:34,455 [INFO] Email 342: Similarità: 0.1067
2025-10-09 23:19:34,460 [INFO] Email 343: Similarità: 0.2124
2025-10-09 23:19:34,465 [INFO] Email 344: Similarità: 0.1311
2025-10-09 23:19:34,468 [INFO] Email 345: Similarità: 0.0283
2025-10-09 23:19:34,472 [INFO] Email 346: Similarità: -0.0134
2025-10-09 23:19:34,475 [INFO] Email 347: Similarità: 0.0590
2025-10-09 23:19:34,479 [INFO] Email 348: Similarità: 0.2844
2025-10-09 23:19:34,482 [INFO] Email 349: Similarità: 0.1327
2025-10-09 23:19:34,487 [INFO] Email 350: Similarità: 0.3384
2025-10-09 23:19:34,490 [INFO] Email 351: Similarità: 0.3693
2025-10-09 23:19:34,494 [INFO] Email 352: Similarità: 0.1246
2025-10-09 23:19:34,497 [INFO] Email 353: Similarità: 0.3318
2025-10-09 23:19:34,500 [INFO] Email 354: Similarità: 0.4015
2025-10-09 23:19:34,503 [INFO] Email 355: Similarità: 0.2656
2025-10-09 23:19:34,506 [INFO] Email 356: Similarità: 0.3311
2025-10-09 23:19:34,512 [INFO] Email 357: Similarità: 0.2224
2025-10-09 23:19:34,517 [INFO] Email 358: Similarità: 0.2144
2025-10-09 23:19:34,520 [INFO] Email 359: Similarità: 0.3308
2025-10-09 23:19:34,524 [INFO] Email 360: Similarità: 0.1235
