2025-10-09 22:48:27,475 [INFO] Token letto da file
2025-10-09 22:48:27,932 [INFO] Token aggiornato con successo
2025-10-09 22:48:27,933 [INFO] Token salvato su file
2025-10-09 22:48:27,939 [INFO] file_cache is only supported with oauth2client<4.0.0
2025-10-09 22:48:28,790 [INFO] Trovati 3 messaggi
2025-10-09 22:48:29,635 [INFO] Email salvate su emails.json
2025-10-09 22:49:33,862 [INFO] Token letto da file
2025-10-09 22:49:33,864 [INFO] file_cache is only supported with oauth2client<4.0.0
2025-10-09 22:49:34,494 [INFO] Trovati 500 messaggi
2025-10-09 22:50:26,797 [INFO] Token letto da file
2025-10-09 22:50:26,800 [INFO] file_cache is only supported with oauth2client<4.0.0
2025-10-09 22:50:27,367 [INFO] Trovati 500 messaggi
2025-10-09 22:52:16,980 [INFO] Email salvate su emails.json
2025-10-09 23:02:35,132 [INFO] Token letto da file
2025-10-09 23:02:35,136 [INFO] file_cache is only supported with oauth2client<4.0.0
2025-10-09 23:02:35,946 [INFO] Trovati 500 messaggi
2025-10-09 23:04:21,627 [INFO] Email salvate su emails.json
2025-10-09 23:06:41,670 [INFO] Token letto da file
2025-10-09 23:06:41,673 [INFO] file_cache is only supported with oauth2client<4.0.0
2025-10-09 23:06:42,270 [INFO] Trovati 500 messaggi
2025-10-09 23:08:28,072 [INFO] Email salvate su emails.json
